<?xml version="1.0" encoding="UTF-8"?>
<!-- Generated by org.testng.reporters.JUnitReportReporter -->
<testsuite skipped="0" hostname="DESKTOP-DBK2ROO" name="Entidades.TestJugador" tests="6" failures="0" timestamp="21 Sep 2018 00:05:34 GMT" time="0.000" errors="0">
  <testcase name="newJugador" time="0.000" classname="Entidades.TestJugador"/>
  <testcase name="setNombreConDP" time="0.000" classname="Entidades.TestJugador"/>
  <testcase name="setDNI" time="0.000" classname="Entidades.TestJugador"/>
  <testcase name="setNombreConDP" time="0.000" classname="Entidades.TestJugador"/>
  <testcase name="setNombreConDP" time="0.000" classname="Entidades.TestJugador"/>
  <testcase name="setNombre" time="0.000" classname="Entidades.TestJugador"/>
</testsuite> <!-- Entidades.TestJugador -->
